chunk-6BKLQ22S.js?v=759f497a:21551 Download the React DevTools for a better development experience: https://reactjs.org/link/react-devtools
v3:1 You may test your Stripe.js integration over HTTP. However, live Stripe.js integrations must use HTTPS.
value @ v3:1
e @ v3:1
ou @ v3:1
initStripe2 @ @stripe_stripe-js.js?v=759f497a:103
(anonymous) @ @stripe_stripe-js.js?v=759f497a:133
Promise.then
loadStripe2 @ @stripe_stripe-js.js?v=759f497a:132
(anonymous) @ App.tsx:10
Show 3 more frames
Show less
donation-form.tsx:44 PaymentMethod created: {id: 'pm_1Q2Gbr01AoyUoeVtcbjgVptA', object: 'payment_method', allow_redisplay: 'unspecified', billing_details: {…}, card: {…}, …}
donation-form.tsx:62 Client Secret received: pi_3Q2Gbu01AoyUoeVt09sRwbiA_secret_D4dKPilDyTZ0CtuezgLqCR8Xz
donation-form.tsx:63 Subscription ID received: pi_3Q2Gbu01AoyUoeVt09sRwbiA
shared-0403d1d0d4ab9bfc2ed941c4f582c1ac.js:1 
        
        
       POST https://api.stripe.com/v1/payment_intents/pi_3Q2Gbu01AoyUoeVt09sRwbiA/confirm 400 (Bad Request)
(anonymous) @ shared-0403d1d0d4ab9bfc2ed941c4f582c1ac.js:1
e @ shared-0403d1d0d4ab9bfc2ed941c4f582c1ac.js:1
p @ shared-0403d1d0d4ab9bfc2ed941c4f582c1ac.js:1
i @ shared-0403d1d0d4ab9bfc2ed941c4f582c1ac.js:1
u @ shared-0403d1d0d4ab9bfc2ed941c4f582c1ac.js:1
e @ shared-0403d1d0d4ab9bfc2ed941c4f582c1ac.js:1
(anonymous) @ controller-a440b826e71e8717034e3b35255628f1.js:1
n @ shared-0403d1d0d4ab9bfc2ed941c4f582c1ac.js:1
(anonymous) @ shared-0403d1d0d4ab9bfc2ed941c4f582c1ac.js:1
(anonymous) @ shared-0403d1d0d4ab9bfc2ed941c4f582c1ac.js:1
a @ shared-0403d1d0d4ab9bfc2ed941c4f582c1ac.js:1
i @ shared-0403d1d0d4ab9bfc2ed941c4f582c1ac.js:1
(anonymous) @ shared-0403d1d0d4ab9bfc2ed941c4f582c1ac.js:1
(anonymous) @ shared-0403d1d0d4ab9bfc2ed941c4f582c1ac.js:1
(anonymous) @ controller-a440b826e71e8717034e3b35255628f1.js:1
Ii @ controller-a440b826e71e8717034e3b35255628f1.js:1
confirm @ controller-a440b826e71e8717034e3b35255628f1.js:1
(anonymous) @ controller-a440b826e71e8717034e3b35255628f1.js:1
(anonymous) @ controller-a440b826e71e8717034e3b35255628f1.js:1
n @ shared-0403d1d0d4ab9bfc2ed941c4f582c1ac.js:1
(anonymous) @ shared-0403d1d0d4ab9bfc2ed941c4f582c1ac.js:1
(anonymous) @ shared-0403d1d0d4ab9bfc2ed941c4f582c1ac.js:1
a @ shared-0403d1d0d4ab9bfc2ed941c4f582c1ac.js:1
i @ shared-0403d1d0d4ab9bfc2ed941c4f582c1ac.js:1
(anonymous) @ shared-0403d1d0d4ab9bfc2ed941c4f582c1ac.js:1
(anonymous) @ shared-0403d1d0d4ab9bfc2ed941c4f582c1ac.js:1
(anonymous) @ controller-a440b826e71e8717034e3b35255628f1.js:1
Promise.then
confirmPaymentIntent @ controller-a440b826e71e8717034e3b35255628f1.js:1
(anonymous) @ controller-a440b826e71e8717034e3b35255628f1.js:1
n @ shared-0403d1d0d4ab9bfc2ed941c4f582c1ac.js:1
(anonymous) @ shared-0403d1d0d4ab9bfc2ed941c4f582c1ac.js:1
(anonymous) @ shared-0403d1d0d4ab9bfc2ed941c4f582c1ac.js:1
a @ shared-0403d1d0d4ab9bfc2ed941c4f582c1ac.js:1
i @ shared-0403d1d0d4ab9bfc2ed941c4f582c1ac.js:1
(anonymous) @ shared-0403d1d0d4ab9bfc2ed941c4f582c1ac.js:1
(anonymous) @ shared-0403d1d0d4ab9bfc2ed941c4f582c1ac.js:1
(anonymous) @ controller-a440b826e71e8717034e3b35255628f1.js:1
value @ controller-a440b826e71e8717034e3b35255628f1.js:1
(anonymous) @ controller-a440b826e71e8717034e3b35255628f1.js:1
donation-form.tsx:71 {type: 'invalid_request_error', code: 'payment_intent_unexpected_state', doc_url: 'https://stripe.com/docs/error-codes/payment-intent-unexpected-state', message: 'A processing error occurred.', payment_intent: {…}, …}
handleSubmit @ donation-form.tsx:71
await in handleSubmit
callCallback2 @ chunk-6BKLQ22S.js?v=759f497a:3674
invokeGuardedCallbackDev @ chunk-6BKLQ22S.js?v=759f497a:3699
invokeGuardedCallback @ chunk-6BKLQ22S.js?v=759f497a:3733
invokeGuardedCallbackAndCatchFirstError @ chunk-6BKLQ22S.js?v=759f497a:3736
executeDispatch @ chunk-6BKLQ22S.js?v=759f497a:7014
processDispatchQueueItemsInOrder @ chunk-6BKLQ22S.js?v=759f497a:7034
processDispatchQueue @ chunk-6BKLQ22S.js?v=759f497a:7043
dispatchEventsForPlugins @ chunk-6BKLQ22S.js?v=759f497a:7051
(anonymous) @ chunk-6BKLQ22S.js?v=759f497a:7174
batchedUpdates$1 @ chunk-6BKLQ22S.js?v=759f497a:18913
batchedUpdates @ chunk-6BKLQ22S.js?v=759f497a:3579
dispatchEventForPluginEventSystem @ chunk-6BKLQ22S.js?v=759f497a:7173
dispatchEventWithEnableCapturePhaseSelectiveHydrationWithoutDiscreteEventReplay @ chunk-6BKLQ22S.js?v=759f497a:5478
dispatchEvent @ chunk-6BKLQ22S.js?v=759f497a:5472
dispatchDiscreteEvent @ chunk-6BKLQ22S.js?v=759f497a:5449
Show 15 more frames
Show less
