chunk-6BKLQ22S.js?v=759f497a:21551 Download the React DevTools for a better development experience: https://reactjs.org/link/react-devtools
v3:1 You may test your Stripe.js integration over HTTP. However, live Stripe.js integrations must use HTTPS.
value @ v3:1
e @ v3:1
ou @ v3:1
initStripe2 @ @stripe_stripe-js.js?v=759f497a:103
(anonymous) @ @stripe_stripe-js.js?v=759f497a:133
Promise.then
loadStripe2 @ @stripe_stripe-js.js?v=759f497a:132
(anonymous) @ App.tsx:10
Show 3 more frames
Show less
donation-form.tsx:45 PaymentMethod created: {id: 'pm_1Q2Ion01AoyUoeVtCI5gx6yc', object: 'payment_method', allow_redisplay: 'unspecified', billing_details: {…}, card: {…}, …}
donation-form.tsx:52 
        
        
       POST http://localhost:5173/create-subscription 400 (Bad Request)
handleSubmit @ donation-form.tsx:52
await in handleSubmit
callCallback2 @ chunk-6BKLQ22S.js?v=759f497a:3674
invokeGuardedCallbackDev @ chunk-6BKLQ22S.js?v=759f497a:3699
invokeGuardedCallback @ chunk-6BKLQ22S.js?v=759f497a:3733
invokeGuardedCallbackAndCatchFirstError @ chunk-6BKLQ22S.js?v=759f497a:3736
executeDispatch @ chunk-6BKLQ22S.js?v=759f497a:7014
processDispatchQueueItemsInOrder @ chunk-6BKLQ22S.js?v=759f497a:7034
processDispatchQueue @ chunk-6BKLQ22S.js?v=759f497a:7043
dispatchEventsForPlugins @ chunk-6BKLQ22S.js?v=759f497a:7051
(anonymous) @ chunk-6BKLQ22S.js?v=759f497a:7174
batchedUpdates$1 @ chunk-6BKLQ22S.js?v=759f497a:18913
batchedUpdates @ chunk-6BKLQ22S.js?v=759f497a:3579
dispatchEventForPluginEventSystem @ chunk-6BKLQ22S.js?v=759f497a:7173
dispatchEventWithEnableCapturePhaseSelectiveHydrationWithoutDiscreteEventReplay @ chunk-6BKLQ22S.js?v=759f497a:5478
dispatchEvent @ chunk-6BKLQ22S.js?v=759f497a:5472
dispatchDiscreteEvent @ chunk-6BKLQ22S.js?v=759f497a:5449
Show 15 more frames
Show less
donation-form.tsx:64 Client Secret received: undefined
donation-form.tsx:65 Subscription ID received: undefined
donation-form.tsx:68 Subscription created successfully
