Error with Permissions-Policy header: Origin trial controlled feature not enabled: 'private-state-token-redemption'.
Error with Permissions-Policy header: Origin trial controlled feature not enabled: 'private-state-token-redemption'.
Error with Permissions-Policy header: Origin trial controlled feature not enabled: 'private-state-token-redemption'.
Error with Permissions-Policy header: Origin trial controlled feature not enabled: 'private-state-token-redemption'.
Error with Permissions-Policy header: Origin trial controlled feature not enabled: 'private-state-token-redemption'.
Error with Permissions-Policy header: Origin trial controlled feature not enabled: 'private-state-token-issuance'.
Error with Permissions-Policy header: Origin trial controlled feature not enabled: 'private-state-token-issuance'.
Error with Permissions-Policy header: Origin trial controlled feature not enabled: 'private-state-token-issuance'.
Error with Permissions-Policy header: Origin trial controlled feature not enabled: 'private-state-token-issuance'.
Error with Permissions-Policy header: Origin trial controlled feature not enabled: 'private-state-token-issuance'.
Error with Permissions-Policy header: Unrecognized feature: 'browsing-topics'.
Error with Permissions-Policy header: Unrecognized feature: 'browsing-topics'.
Error with Permissions-Policy header: Unrecognized feature: 'browsing-topics'.
Error with Permissions-Policy header: Unrecognized feature: 'browsing-topics'.
Error with Permissions-Policy header: Unrecognized feature: 'browsing-topics'.
b:1 
        
        
       Failed to load resource: net::ERR_BLOCKED_BY_CLIENT
b:1 
        
        
       Failed to load resource: net::ERR_BLOCKED_BY_CLIENT
shared-4fa32b179909b92edf5d885f06cc4521.js:1 Uncaught (in promise) FetchError: Error fetching https://r.stripe.com/b: Failed to fetch
    at shared-4fa32b179909b92edf5d885f06cc4521.js:1:147811
b:1 
        
        
       Failed to load resource: net::ERR_BLOCKED_BY_CLIENT
b:1 
        
        
       Failed to load resource: net::ERR_BLOCKED_BY_CLIENT
shared-4fa32b179909b92edf5d885f06cc4521.js:1 Uncaught (in promise) FetchError: Error fetching https://r.stripe.com/b: Failed to fetch
    at shared-4fa32b179909b92edf5d885f06cc4521.js:1:147811
b:1 
        
        
       Failed to load resource: net::ERR_BLOCKED_BY_CLIENT
b:1 
        
        
       Failed to load resource: net::ERR_BLOCKED_BY_CLIENT
shared-4fa32b179909b92edf5d885f06cc4521.js:1 Uncaught (in promise) FetchError: Error fetching https://r.stripe.com/b: Failed to fetch
    at shared-4fa32b179909b92edf5d885f06cc4521.js:1:147811
b:1 
        
        
       Failed to load resource: net::ERR_BLOCKED_BY_CLIENT
b:1 
        
        
       Failed to load resource: net::ERR_BLOCKED_BY_CLIENT
shared-4fa32b179909b92edf5d885f06cc4521.js:1 Uncaught (in promise) FetchError: Error fetching https://r.stripe.com/b: Failed to fetch
    at shared-4fa32b179909b92edf5d885f06cc4521.js:1:147811
/create-checkout-session:1 
        
        
       Failed to load resource: the server responded with a status of 500 (Internal Server Error)
Chrome is moving towards a new experience that lets people make an informed choice with respect to third-party cookies.
Chrome is moving towards a new experience that lets people make an informed choice with respect to third-party cookies.
Chrome is moving towards a new experience that lets people make an informed choice with respect to third-party cookies.
Chrome is moving towards a new experience that lets people make an informed choice with respect to third-party cookies.
Chrome is moving towards a new experience that lets people make an informed choice with respect to third-party cookies.
Chrome is moving towards a new experience that lets people make an informed choice with respect to third-party cookies.
Chrome is moving towards a new experience that lets people make an informed choice with respect to third-party cookies.
Chrome is moving towards a new experience that lets people make an informed choice with respect to third-party cookies.
Chrome is moving towards a new experience that lets people make an informed choice with respect to third-party cookies.
Chrome is moving towards a new experience that lets people make an informed choice with respect to third-party cookies.
Chrome is moving towards a new experience that lets people make an informed choice with respect to third-party cookies.
Chrome is moving towards a new experience that lets people make an informed choice with respect to third-party cookies.
Chrome is moving towards a new experience that lets people make an informed choice with respect to third-party cookies.
Chrome is moving towards a new experience that lets people make an informed choice with respect to third-party cookies.
Chrome is moving towards a new experience that lets people make an informed choice with respect to third-party cookies.
Chrome is moving towards a new experience that lets people make an informed choice with respect to third-party cookies.
Chrome is moving towards a new experience that lets people make an informed choice with respect to third-party cookies.
Chrome is moving towards a new experience that lets people make an informed choice with respect to third-party cookies.
Chrome is moving towards a new experience that lets people make an informed choice with respect to third-party cookies.
Chrome is moving towards a new experience that lets people make an informed choice with respect to third-party cookies.
Chrome is moving towards a new experience that lets people make an informed choice with respect to third-party cookies.
Chrome is moving towards a new experience that lets people make an informed choice with respect to third-party cookies.
Chrome is moving towards a new experience that lets people make an informed choice with respect to third-party cookies.
Chrome is moving towards a new experience that lets people make an informed choice with respect to third-party cookies.
Chrome is moving towards a new experience that lets people make an informed choice with respect to third-party cookies.
Chrome is moving towards a new experience that lets people make an informed choice with respect to third-party cookies.
Chrome is moving towards a new experience that lets people make an informed choice with respect to third-party cookies.
Chrome is moving towards a new experience that lets people make an informed choice with respect to third-party cookies.
Chrome is moving towards a new experience that lets people make an informed choice with respect to third-party cookies.
Chrome is moving towards a new experience that lets people make an informed choice with respect to third-party cookies.
Chrome is moving towards a new experience that lets people make an informed choice with respect to third-party cookies.
Chrome is moving towards a new experience that lets people make an informed choice with respect to third-party cookies.
Chrome is moving towards a new experience that lets people make an informed choice with respect to third-party cookies.
Chrome is moving towards a new experience that lets people make an informed choice with respect to third-party cookies.
Chrome is moving towards a new experience that lets people make an informed choice with respect to third-party cookies.
Chrome is moving towards a new experience that lets people make an informed choice with respect to third-party cookies.
Chrome is moving towards a new experience that lets people make an informed choice with respect to third-party cookies.
Chrome is moving towards a new experience that lets people make an informed choice with respect to third-party cookies.
Chrome is moving towards a new experience that lets people make an informed choice with respect to third-party cookies.
Chrome is moving towards a new experience that lets people make an informed choice with respect to third-party cookies.
Chrome is moving towards a new experience that lets people make an informed choice with respect to third-party cookies.
Chrome is moving towards a new experience that lets people make an informed choice with respect to third-party cookies.
Chrome is moving towards a new experience that lets people make an informed choice with respect to third-party cookies.
Chrome is moving towards a new experience that lets people make an informed choice with respect to third-party cookies.
Chrome is moving towards a new experience that lets people make an informed choice with respect to third-party cookies.
Chrome is moving towards a new experience that lets people make an informed choice with respect to third-party cookies.
Chrome is moving towards a new experience that lets people make an informed choice with respect to third-party cookies.
Chrome is moving towards a new experience that lets people make an informed choice with respect to third-party cookies.
Chrome is moving towards a new experience that lets people make an informed choice with respect to third-party cookies.
Chrome is moving towards a new experience that lets people make an informed choice with respect to third-party cookies.
Chrome is moving towards a new experience that lets people make an informed choice with respect to third-party cookies.
Chrome is moving towards a new experience that lets people make an informed choice with respect to third-party cookies.
Chrome is moving towards a new experience that lets people make an informed choice with respect to third-party cookies.
Chrome is moving towards a new experience that lets people make an informed choice with respect to third-party cookies.
Chrome is moving towards a new experience that lets people make an informed choice with respect to third-party cookies.
Chrome is moving towards a new experience that lets people make an informed choice with respect to third-party cookies.
Chrome is moving towards a new experience that lets people make an informed choice with respect to third-party cookies.
Chrome is moving towards a new experience that lets people make an informed choice with respect to third-party cookies.
Chrome is moving towards a new experience that lets people make an informed choice with respect to third-party cookies.
Chrome is moving towards a new experience that lets people make an informed choice with respect to third-party cookies.
Chrome is moving towards a new experience that lets people make an informed choice with respect to third-party cookies.
Chrome is moving towards a new experience that lets people make an informed choice with respect to third-party cookies.
Chrome is moving towards a new experience that lets people make an informed choice with respect to third-party cookies.
Chrome is moving towards a new experience that lets people make an informed choice with respect to third-party cookies.
Chrome is moving towards a new experience that lets people make an informed choice with respect to third-party cookies.
Chrome is moving towards a new experience that lets people make an informed choice with respect to third-party cookies.
Chrome is moving towards a new experience that lets people make an informed choice with respect to third-party cookies.
Chrome is moving towards a new experience that lets people make an informed choice with respect to third-party cookies.
Chrome is moving towards a new experience that lets people make an informed choice with respect to third-party cookies.
Chrome is moving towards a new experience that lets people make an informed choice with respect to third-party cookies.
Chrome is moving towards a new experience that lets people make an informed choice with respect to third-party cookies.
Chrome is moving towards a new experience that lets people make an informed choice with respect to third-party cookies.
Chrome is moving towards a new experience that lets people make an informed choice with respect to third-party cookies.
Chrome is moving towards a new experience that lets people make an informed choice with respect to third-party cookies.
Chrome is moving towards a new experience that lets people make an informed choice with respect to third-party cookies.
Chrome is moving towards a new experience that lets people make an informed choice with respect to third-party cookies.
Chrome is moving towards a new experience that lets people make an informed choice with respect to third-party cookies.
Chrome is moving towards a new experience that lets people make an informed choice with respect to third-party cookies.
Chrome is moving towards a new experience that lets people make an informed choice with respect to third-party cookies.
Chrome is moving towards a new experience that lets people make an informed choice with respect to third-party cookies.
Chrome is moving towards a new experience that lets people make an informed choice with respect to third-party cookies.
Chrome is moving towards a new experience that lets people make an informed choice with respect to third-party cookies.
Chrome is moving towards a new experience that lets people make an informed choice with respect to third-party cookies.
Chrome is moving towards a new experience that lets people make an informed choice with respect to third-party cookies.
Chrome is moving towards a new experience that lets people make an informed choice with respect to third-party cookies.
Chrome is moving towards a new experience that lets people make an informed choice with respect to third-party cookies.
Chrome is moving towards a new experience that lets people make an informed choice with respect to third-party cookies.
Chrome is moving towards a new experience that lets people make an informed choice with respect to third-party cookies.
Chrome is moving towards a new experience that lets people make an informed choice with respect to third-party cookies.
Chrome is moving towards a new experience that lets people make an informed choice with respect to third-party cookies.
Chrome is moving towards a new experience that lets people make an informed choice with respect to third-party cookies.
Chrome is moving towards a new experience that lets people make an informed choice with respect to third-party cookies.
Chrome is moving towards a new experience that lets people make an informed choice with respect to third-party cookies.
Chrome is moving towards a new experience that lets people make an informed choice with respect to third-party cookies.
Chrome is moving towards a new experience that lets people make an informed choice with respect to third-party cookies.
Chrome is moving towards a new experience that lets people make an informed choice with respect to third-party cookies.
Chrome is moving towards a new experience that lets people make an informed choice with respect to third-party cookies.
Chrome is moving towards a new experience that lets people make an informed choice with respect to third-party cookies.
Chrome is moving towards a new experience that lets people make an informed choice with respect to third-party cookies.
Chrome is moving towards a new experience that lets people make an informed choice with respect to third-party cookies.
Chrome is moving towards a new experience that lets people make an informed choice with respect to third-party cookies.
Chrome is moving towards a new experience that lets people make an informed choice with respect to third-party cookies.
Chrome is moving towards a new experience that lets people make an informed choice with respect to third-party cookies.
Chrome is moving towards a new experience that lets people make an informed choice with respect to third-party cookies.
Chrome is moving towards a new experience that lets people make an informed choice with respect to third-party cookies.
Chrome is moving towards a new experience that lets people make an informed choice with respect to third-party cookies.
Chrome is moving towards a new experience that lets people make an informed choice with respect to third-party cookies.
Chrome is moving towards a new experience that lets people make an informed choice with respect to third-party cookies.
Chrome is moving towards a new experience that lets people make an informed choice with respect to third-party cookies.
Chrome is moving towards a new experience that lets people make an informed choice with respect to third-party cookies.
Chrome is moving towards a new experience that lets people make an informed choice with respect to third-party cookies.
Chrome is moving towards a new experience that lets people make an informed choice with respect to third-party cookies.
Chrome is moving towards a new experience that lets people make an informed choice with respect to third-party cookies.
Chrome is moving towards a new experience that lets people make an informed choice with respect to third-party cookies.
Chrome is moving towards a new experience that lets people make an informed choice with respect to third-party cookies.
Chrome is moving towards a new experience that lets people make an informed choice with respect to third-party cookies.
Chrome is moving towards a new experience that lets people make an informed choice with respect to third-party cookies.
Chrome is moving towards a new experience that lets people make an informed choice with respect to third-party cookies.
Chrome is moving towards a new experience that lets people make an informed choice with respect to third-party cookies.
Chrome is moving towards a new experience that lets people make an informed choice with respect to third-party cookies.
Chrome is moving towards a new experience that lets people make an informed choice with respect to third-party cookies.
Chrome is moving towards a new experience that lets people make an informed choice with respect to third-party cookies.
Chrome is moving towards a new experience that lets people make an informed choice with respect to third-party cookies.
Chrome is moving towards a new experience that lets people make an informed choice with respect to third-party cookies.
Chrome is moving towards a new experience that lets people make an informed choice with respect to third-party cookies.
Chrome is moving towards a new experience that lets people make an informed choice with respect to third-party cookies.
Chrome is moving towards a new experience that lets people make an informed choice with respect to third-party cookies.
Chrome is moving towards a new experience that lets people make an informed choice with respect to third-party cookies.
Chrome is moving towards a new experience that lets people make an informed choice with respect to third-party cookies.
Chrome is moving towards a new experience that lets people make an informed choice with respect to third-party cookies.
Chrome is moving towards a new experience that lets people make an informed choice with respect to third-party cookies.
Chrome is moving towards a new experience that lets people make an informed choice with respect to third-party cookies.
Chrome is moving towards a new experience that lets people make an informed choice with respect to third-party cookies.
Chrome is moving towards a new experience that lets people make an informed choice with respect to third-party cookies.
Chrome is moving towards a new experience that lets people make an informed choice with respect to third-party cookies.
Chrome is moving towards a new experience that lets people make an informed choice with respect to third-party cookies.
Chrome is moving towards a new experience that lets people make an informed choice with respect to third-party cookies.
Chrome is moving towards a new experience that lets people make an informed choice with respect to third-party cookies.
Chrome is moving towards a new experience that lets people make an informed choice with respect to third-party cookies.
Chrome is moving towards a new experience that lets people make an informed choice with respect to third-party cookies.
Chrome is moving towards a new experience that lets people make an informed choice with respect to third-party cookies.
Chrome is moving towards a new experience that lets people make an informed choice with respect to third-party cookies.
Chrome is moving towards a new experience that lets people make an informed choice with respect to third-party cookies.
Chrome is moving towards a new experience that lets people make an informed choice with respect to third-party cookies.
Chrome is moving towards a new experience that lets people make an informed choice with respect to third-party cookies.
Chrome is moving towards a new experience that lets people make an informed choice with respect to third-party cookies.
Chrome is moving towards a new experience that lets people make an informed choice with respect to third-party cookies.
Chrome is moving towards a new experience that lets people make an informed choice with respect to third-party cookies.
Chrome is moving towards a new experience that lets people make an informed choice with respect to third-party cookies.
Chrome is moving towards a new experience that lets people make an informed choice with respect to third-party cookies.
Chrome is moving towards a new experience that lets people make an informed choice with respect to third-party cookies.
Chrome is moving towards a new experience that lets people make an informed choice with respect to third-party cookies.
Chrome is moving towards a new experience that lets people make an informed choice with respect to third-party cookies.
Chrome is moving towards a new experience that lets people make an informed choice with respect to third-party cookies.
Chrome is moving towards a new experience that lets people make an informed choice with respect to third-party cookies.
Chrome is moving towards a new experience that lets people make an informed choice with respect to third-party cookies.
Chrome is moving towards a new experience that lets people make an informed choice with respect to third-party cookies.
Chrome is moving towards a new experience that lets people make an informed choice with respect to third-party cookies.
Chrome is moving towards a new experience that lets people make an informed choice with respect to third-party cookies.
Chrome is moving towards a new experience that lets people make an informed choice with respect to third-party cookies.
Chrome is moving towards a new experience that lets people make an informed choice with respect to third-party cookies.
Chrome is moving towards a new experience that lets people make an informed choice with respect to third-party cookies.
Chrome is moving towards a new experience that lets people make an informed choice with respect to third-party cookies.
Chrome is moving towards a new experience that lets people make an informed choice with respect to third-party cookies.
Chrome is moving towards a new experience that lets people make an informed choice with respect to third-party cookies.
Chrome is moving towards a new experience that lets people make an informed choice with respect to third-party cookies.
Chrome is moving towards a new experience that lets people make an informed choice with respect to third-party cookies.
shared-4fa32b179909b92edf5d885f06cc4521.js:1 
        
        
       POST https://r.stripe.com/b net::ERR_BLOCKED_BY_CLIENT
(anonymous) @ shared-4fa32b179909b92edf5d885f06cc4521.js:1
e @ shared-4fa32b179909b92edf5d885f06cc4521.js:1
c @ shared-4fa32b179909b92edf5d885f06cc4521.js:1
value @ shared-4fa32b179909b92edf5d885f06cc4521.js:1
value @ shared-4fa32b179909b92edf5d885f06cc4521.js:1
value @ shared-4fa32b179909b92edf5d885f06cc4521.js:1
value @ shared-4fa32b179909b92edf5d885f06cc4521.js:1
value @ shared-4fa32b179909b92edf5d885f06cc4521.js:1
(anonymous) @ shared-4fa32b179909b92edf5d885f06cc4521.js:1
shared-4fa32b179909b92edf5d885f06cc4521.js:1 Uncaught (in promise) FetchError: Error fetching https://r.stripe.com/b: Failed to fetch
    at shared-4fa32b179909b92edf5d885f06cc4521.js:1:147811
(anonymous) @ shared-4fa32b179909b92edf5d885f06cc4521.js:1
shared-4fa32b179909b92edf5d885f06cc4521.js:1 
        
        
       POST https://r.stripe.com/b net::ERR_BLOCKED_BY_CLIENT
(anonymous) @ shared-4fa32b179909b92edf5d885f06cc4521.js:1
e @ shared-4fa32b179909b92edf5d885f06cc4521.js:1
c @ shared-4fa32b179909b92edf5d885f06cc4521.js:1
value @ shared-4fa32b179909b92edf5d885f06cc4521.js:1
value @ shared-4fa32b179909b92edf5d885f06cc4521.js:1
value @ shared-4fa32b179909b92edf5d885f06cc4521.js:1
value @ shared-4fa32b179909b92edf5d885f06cc4521.js:1
value @ shared-4fa32b179909b92edf5d885f06cc4521.js:1
(anonymous) @ shared-4fa32b179909b92edf5d885f06cc4521.js:1
setTimeout
value @ shared-4fa32b179909b92edf5d885f06cc4521.js:1
value @ shared-4fa32b179909b92edf5d885f06cc4521.js:1
value @ shared-4fa32b179909b92edf5d885f06cc4521.js:1
(anonymous) @ shared-4fa32b179909b92edf5d885f06cc4521.js:1
value @ shared-4fa32b179909b92edf5d885f06cc4521.js:1
log @ shared-4fa32b179909b92edf5d885f06cc4521.js:1
log @ controller-c14d692f76f1ec04d9bb28fefcde9d29.js:1
De @ controller-c14d692f76f1ec04d9bb28fefcde9d29.js:1
(anonymous) @ controller-c14d692f76f1ec04d9bb28fefcde9d29.js:1
shared-4fa32b179909b92edf5d885f06cc4521.js:1 Uncaught (in promise) FetchError: Error fetching https://r.stripe.com/b: Failed to fetch
    at shared-4fa32b179909b92edf5d885f06cc4521.js:1:147811
(anonymous) @ shared-4fa32b179909b92edf5d885f06cc4521.js:1
shared-4fa32b179909b92edf5d885f06cc4521.js:1 
        
        
       POST https://r.stripe.com/b net::ERR_BLOCKED_BY_CLIENT
(anonymous) @ shared-4fa32b179909b92edf5d885f06cc4521.js:1
e @ shared-4fa32b179909b92edf5d885f06cc4521.js:1
c @ shared-4fa32b179909b92edf5d885f06cc4521.js:1
value @ shared-4fa32b179909b92edf5d885f06cc4521.js:1
value @ shared-4fa32b179909b92edf5d885f06cc4521.js:1
value @ shared-4fa32b179909b92edf5d885f06cc4521.js:1
value @ shared-4fa32b179909b92edf5d885f06cc4521.js:1
value @ shared-4fa32b179909b92edf5d885f06cc4521.js:1
(anonymous) @ shared-4fa32b179909b92edf5d885f06cc4521.js:1
setTimeout
value @ shared-4fa32b179909b92edf5d885f06cc4521.js:1
value @ shared-4fa32b179909b92edf5d885f06cc4521.js:1
value @ shared-4fa32b179909b92edf5d885f06cc4521.js:1
(anonymous) @ shared-4fa32b179909b92edf5d885f06cc4521.js:1
value @ shared-4fa32b179909b92edf5d885f06cc4521.js:1
log @ shared-4fa32b179909b92edf5d885f06cc4521.js:1
log @ controller-c14d692f76f1ec04d9bb28fefcde9d29.js:1
De @ controller-c14d692f76f1ec04d9bb28fefcde9d29.js:1
(anonymous) @ controller-c14d692f76f1ec04d9bb28fefcde9d29.js:1
shared-4fa32b179909b92edf5d885f06cc4521.js:1 Uncaught (in promise) FetchError: Error fetching https://r.stripe.com/b: Failed to fetch
    at shared-4fa32b179909b92edf5d885f06cc4521.js:1:147811
(anonymous) @ shared-4fa32b179909b92edf5d885f06cc4521.js:1
shared-4fa32b179909b92edf5d885f06cc4521.js:1 
        
        
       POST https://r.stripe.com/b net::ERR_BLOCKED_BY_CLIENT
(anonymous) @ shared-4fa32b179909b92edf5d885f06cc4521.js:1
e @ shared-4fa32b179909b92edf5d885f06cc4521.js:1
c @ shared-4fa32b179909b92edf5d885f06cc4521.js:1
value @ shared-4fa32b179909b92edf5d885f06cc4521.js:1
value @ shared-4fa32b179909b92edf5d885f06cc4521.js:1
value @ shared-4fa32b179909b92edf5d885f06cc4521.js:1
value @ shared-4fa32b179909b92edf5d885f06cc4521.js:1
value @ shared-4fa32b179909b92edf5d885f06cc4521.js:1
(anonymous) @ shared-4fa32b179909b92edf5d885f06cc4521.js:1
setTimeout
value @ shared-4fa32b179909b92edf5d885f06cc4521.js:1
value @ shared-4fa32b179909b92edf5d885f06cc4521.js:1
value @ shared-4fa32b179909b92edf5d885f06cc4521.js:1
(anonymous) @ shared-4fa32b179909b92edf5d885f06cc4521.js:1
value @ shared-4fa32b179909b92edf5d885f06cc4521.js:1
log @ shared-4fa32b179909b92edf5d885f06cc4521.js:1
log @ controller-c14d692f76f1ec04d9bb28fefcde9d29.js:1
De @ controller-c14d692f76f1ec04d9bb28fefcde9d29.js:1
(anonymous) @ controller-c14d692f76f1ec04d9bb28fefcde9d29.js:1
shared-4fa32b179909b92edf5d885f06cc4521.js:1 Uncaught (in promise) FetchError: Error fetching https://r.stripe.com/b: Failed to fetch
    at shared-4fa32b179909b92edf5d885f06cc4521.js:1:147811
(anonymous) @ shared-4fa32b179909b92edf5d885f06cc4521.js:1
shared-4fa32b179909b92edf5d885f06cc4521.js:1 
        
        
       POST https://r.stripe.com/b net::ERR_BLOCKED_BY_CLIENT
(anonymous) @ shared-4fa32b179909b92edf5d885f06cc4521.js:1
e @ shared-4fa32b179909b92edf5d885f06cc4521.js:1
c @ shared-4fa32b179909b92edf5d885f06cc4521.js:1
value @ shared-4fa32b179909b92edf5d885f06cc4521.js:1
value @ shared-4fa32b179909b92edf5d885f06cc4521.js:1
value @ shared-4fa32b179909b92edf5d885f06cc4521.js:1
value @ shared-4fa32b179909b92edf5d885f06cc4521.js:1
value @ shared-4fa32b179909b92edf5d885f06cc4521.js:1
(anonymous) @ shared-4fa32b179909b92edf5d885f06cc4521.js:1
setTimeout
value @ shared-4fa32b179909b92edf5d885f06cc4521.js:1
value @ shared-4fa32b179909b92edf5d885f06cc4521.js:1
value @ shared-4fa32b179909b92edf5d885f06cc4521.js:1
(anonymous) @ shared-4fa32b179909b92edf5d885f06cc4521.js:1
value @ shared-4fa32b179909b92edf5d885f06cc4521.js:1
log @ shared-4fa32b179909b92edf5d885f06cc4521.js:1
log @ controller-c14d692f76f1ec04d9bb28fefcde9d29.js:1
De @ controller-c14d692f76f1ec04d9bb28fefcde9d29.js:1
(anonymous) @ controller-c14d692f76f1ec04d9bb28fefcde9d29.js:1
shared-4fa32b179909b92edf5d885f06cc4521.js:1 Uncaught (in promise) FetchError: Error fetching https://r.stripe.com/b: Failed to fetch
    at shared-4fa32b179909b92edf5d885f06cc4521.js:1:147811
(anonymous) @ shared-4fa32b179909b92edf5d885f06cc4521.js:1
